2020-03-31 13:15:46:756 INFO  DelimiterImpl:sentenceMatcher:30 - the text was parsed into'5'sentences
2020-03-31 13:18:29:125 INFO  DelimiterImpl:wordMatcher:51 - the sentence was parsed into'6'elements
2020-03-31 13:18:29:131 INFO  DelimiterImpl:wordMatcher:51 - the sentence was parsed into'19'elements
2020-03-31 13:18:29:132 INFO  DelimiterImpl:wordMatcher:51 - the sentence was parsed into'8'elements
2020-03-31 13:18:29:134 INFO  DelimiterImpl:wordMatcher:51 - the sentence was parsed into'10'elements
2020-03-31 13:18:29:140 INFO  DelimiterImpl:wordMatcher:51 - the sentence was parsed into'6'elements
2020-03-31 13:18:29:141 INFO  DelimiterImpl:sentenceMatcher:30 - the text was parsed into'5'sentences
2020-03-31 13:18:48:813 INFO  DelimiterImpl:wordMatcher:51 - the sentence was parsed into'6'elements
2020-03-31 13:18:48:840 INFO  DelimiterImpl:wordMatcher:51 - the sentence was parsed into'19'elements
2020-03-31 13:18:48:842 INFO  DelimiterImpl:wordMatcher:51 - the sentence was parsed into'8'elements
2020-03-31 13:18:48:845 INFO  DelimiterImpl:wordMatcher:51 - the sentence was parsed into'10'elements
2020-03-31 13:18:48:851 INFO  DelimiterImpl:wordMatcher:51 - the sentence was parsed into'6'elements
2020-03-31 13:18:48:852 INFO  DelimiterImpl:sentenceMatcher:30 - the text was parsed into'5'sentences
2020-03-31 13:21:08:543 INFO  DelimiterImpl:wordMatcher:52 - '1' sentence was parsed into'6'elements
2020-03-31 13:21:08:559 INFO  DelimiterImpl:wordMatcher:52 - '1' sentence was parsed into'19'elements
2020-03-31 13:21:08:569 INFO  DelimiterImpl:wordMatcher:52 - '1' sentence was parsed into'8'elements
2020-03-31 13:21:08:571 INFO  DelimiterImpl:wordMatcher:52 - '1' sentence was parsed into'10'elements
2020-03-31 13:21:08:583 INFO  DelimiterImpl:wordMatcher:52 - '1' sentence was parsed into'6'elements
2020-03-31 13:21:08:584 INFO  DelimiterImpl:sentenceMatcher:31 - the text was parsed into'5'sentences
2020-03-31 13:21:39:056 INFO  DelimiterImpl:wordMatcher:52 - '1' sentence was parsed into'6'elements
2020-03-31 13:21:39:065 INFO  DelimiterImpl:wordMatcher:52 - '2' sentence was parsed into'19'elements
2020-03-31 13:21:39:067 INFO  DelimiterImpl:wordMatcher:52 - '3' sentence was parsed into'8'elements
2020-03-31 13:21:39:073 INFO  DelimiterImpl:wordMatcher:52 - '4' sentence was parsed into'10'elements
2020-03-31 13:21:39:076 INFO  DelimiterImpl:wordMatcher:52 - '5' sentence was parsed into'6'elements
2020-03-31 13:21:39:077 INFO  DelimiterImpl:sentenceMatcher:31 - the text was parsed into'5'sentences
2020-03-31 13:24:06:607 INFO  DelimiterImpl:wordMatcher:52 - '1' sentence was parsed into'6'elements
2020-03-31 13:24:06:618 INFO  DelimiterImpl:wordMatcher:52 - '2' sentence was parsed into'19'elements
2020-03-31 13:24:06:633 INFO  DelimiterImpl:wordMatcher:52 - '3' sentence was parsed into'8'elements
2020-03-31 13:24:06:641 INFO  DelimiterImpl:wordMatcher:52 - '4' sentence was parsed into'10'elements
2020-03-31 13:24:06:653 INFO  DelimiterImpl:wordMatcher:52 - '5' sentence was parsed into'6'elements
2020-03-31 13:24:06:654 INFO  DelimiterImpl:sentenceMatcher:31 - the text was parsed into'5'sentences
2020-03-31 13:24:06:655 INFO  MinTextElement:print:23 - первое
2020-03-31 13:24:06:656 INFO  MinTextElement:print:23 -  
2020-03-31 13:24:06:657 INFO  MinTextElement:print:23 - предложение
2020-03-31 13:24:06:658 INFO  MinTextElement:print:23 - .
2020-03-31 13:24:06:659 INFO  MinTextElement:print:23 - 
2020-03-31 13:24:06:660 INFO  MinTextElement:print:23 - 

2020-03-31 13:24:06:661 INFO  MinTextElement:print:23 - второе
2020-03-31 13:24:06:662 INFO  MinTextElement:print:23 -  
2020-03-31 13:24:06:663 INFO  MinTextElement:print:23 - предложение
2020-03-31 13:24:06:665 INFO  MinTextElement:print:23 -  
2020-03-31 13:24:06:671 INFO  MinTextElement:print:23 - длинное
2020-03-31 13:24:06:674 INFO  MinTextElement:print:23 -  
2020-03-31 13:24:06:677 INFO  MinTextElement:print:23 - очень
2020-03-31 13:24:06:679 INFO  MinTextElement:print:23 -  
2020-03-31 13:24:06:680 INFO  MinTextElement:print:23 - очень
2020-03-31 13:24:06:681 INFO  MinTextElement:print:23 -  
2020-03-31 13:24:06:682 INFO  MinTextElement:print:23 - очень
2020-03-31 13:24:06:683 INFO  MinTextElement:print:23 - 
2020-03-31 13:24:06:683 INFO  MinTextElement:print:23 - 

2020-03-31 13:24:06:683 INFO  MinTextElement:print:23 - очень
2020-03-31 13:24:06:685 INFO  MinTextElement:print:23 -  
2020-03-31 13:24:06:686 INFO  MinTextElement:print:23 - очень
2020-03-31 13:24:06:687 INFO  MinTextElement:print:23 - .
2020-03-31 13:24:06:689 INFO  MinTextElement:print:23 - 
2020-03-31 13:24:06:690 INFO  MinTextElement:print:23 - 

2020-03-31 13:24:06:691 INFO  MinTextElement:print:23 - третье
2020-03-31 13:24:06:691 INFO  MinTextElement:print:23 -  
2020-03-31 13:24:06:691 INFO  MinTextElement:print:23 - содержит
2020-03-31 13:24:06:692 INFO  MinTextElement:print:23 -  
2020-03-31 13:24:06:693 INFO  MinTextElement:print:23 - English
2020-03-31 13:24:06:693 INFO  MinTextElement:print:23 - .
2020-03-31 13:24:06:693 INFO  MinTextElement:print:23 - 
2020-03-31 13:24:06:693 INFO  MinTextElement:print:23 - 

2020-03-31 13:24:06:693 INFO  MinTextElement:print:23 - четвертое
2020-03-31 13:24:06:694 INFO  MinTextElement:print:23 -  
2020-03-31 13:24:06:694 INFO  MinTextElement:print:23 - содержит
2020-03-31 13:24:06:695 INFO  MinTextElement:print:23 -  
2020-03-31 13:24:06:696 INFO  MinTextElement:print:23 - ссылку
2020-03-31 13:24:06:697 INFO  MinTextElement:print:23 -  
2020-03-31 13:24:06:697 INFO  MinTextElement:print:23 - www.leningrad.ru
2020-03-31 13:24:06:697 INFO  MinTextElement:print:23 - .
2020-03-31 13:24:06:698 INFO  MinTextElement:print:23 - 
2020-03-31 13:24:06:698 INFO  MinTextElement:print:23 - 

2020-03-31 13:24:06:699 INFO  MinTextElement:print:23 - пятое
2020-03-31 13:24:06:699 INFO  MinTextElement:print:23 - .
2020-03-31 13:24:06:699 INFO  MinTextElement:print:23 - 
2020-03-31 13:24:06:699 INFO  MinTextElement:print:23 - 

2020-03-31 13:24:06:700 INFO  MinTextElement:print:23 - 
2020-03-31 13:24:06:700 INFO  MinTextElement:print:23 - 

2020-03-31 14:03:46:629 INFO  DelimiterImpl:wordMatcher:51 - '1' sentence was parsed into'6'elements
2020-03-31 14:03:46:634 INFO  DelimiterImpl:wordMatcher:51 - '2' sentence was parsed into'19'elements
2020-03-31 14:03:46:635 INFO  DelimiterImpl:wordMatcher:51 - '3' sentence was parsed into'8'elements
2020-03-31 14:03:46:641 INFO  DelimiterImpl:wordMatcher:51 - '4' sentence was parsed into'10'elements
2020-03-31 14:03:46:645 INFO  DelimiterImpl:wordMatcher:51 - '5' sentence was parsed into'6'elements
2020-03-31 14:03:46:646 INFO  DelimiterImpl:sentenceMatcher:30 - the text was parsed into'5'sentences
2020-03-31 14:04:10:056 INFO  DelimiterImpl:wordMatcher:51 - '1' sentence was parsed into'6'elements
2020-03-31 14:04:10:065 INFO  DelimiterImpl:wordMatcher:51 - '2' sentence was parsed into'19'elements
2020-03-31 14:04:10:067 INFO  DelimiterImpl:wordMatcher:51 - '3' sentence was parsed into'8'elements
2020-03-31 14:04:10:068 INFO  DelimiterImpl:wordMatcher:51 - '4' sentence was parsed into'10'elements
2020-03-31 14:04:10:071 INFO  DelimiterImpl:wordMatcher:51 - '5' sentence was parsed into'6'elements
2020-03-31 14:04:10:072 INFO  DelimiterImpl:sentenceMatcher:30 - the text was parsed into'5'sentences
